2025-04-19 22:11:55,320 INFO: Application startup [in C:\Users\rockb\OneDrive\Desktop\FSE_Project\src\web_app\backend\app.py:31]
2025-04-19 22:11:55,380 INFO: Received 1 new data points [in C:\Users\rockb\OneDrive\Desktop\FSE_Project\src\web_app\backend\app.py:128]
2025-04-19 22:11:58,047 INFO: Application startup [in C:\Users\rockb\OneDrive\Desktop\FSE_Project\src\web_app\backend\app.py:31]
2025-04-19 22:11:58,107 INFO: Metrics request - Type: traffic, Epsilon: 1.0, Start: 2025-04-19 15:40:00, End: 2025-04-19 16:40:00 [in C:\Users\rockb\OneDrive\Desktop\FSE_Project\src\web_app\backend\app.py:69]
2025-04-19 22:11:58,109 WARNING: No data found for time range 2025-04-19 15:40:00 to 2025-04-19 16:40:00 [in C:\Users\rockb\OneDrive\Desktop\FSE_Project\src\web_app\backend\app.py:79]
2025-04-19 22:11:58,416 INFO: Received 1 new data points [in C:\Users\rockb\OneDrive\Desktop\FSE_Project\src\web_app\backend\app.py:128]
2025-04-19 22:12:01,437 INFO: Received 1 new data points [in C:\Users\rockb\OneDrive\Desktop\FSE_Project\src\web_app\backend\app.py:128]
2025-04-19 22:12:04,478 INFO: Received 1 new data points [in C:\Users\rockb\OneDrive\Desktop\FSE_Project\src\web_app\backend\app.py:128]
2025-04-19 22:12:07,498 INFO: Received 1 new data points [in C:\Users\rockb\OneDrive\Desktop\FSE_Project\src\web_app\backend\app.py:128]
2025-04-19 22:12:10,529 INFO: Received 1 new data points [in C:\Users\rockb\OneDrive\Desktop\FSE_Project\src\web_app\backend\app.py:128]
2025-04-19 22:12:13,564 INFO: Received 1 new data points [in C:\Users\rockb\OneDrive\Desktop\FSE_Project\src\web_app\backend\app.py:128]
2025-04-19 22:12:17,634 INFO: Application startup [in C:\Users\rockb\OneDrive\Desktop\FSE_Project\src\web_app\backend\app.py:31]
2025-04-19 22:12:17,690 INFO: Received 1 new data points [in C:\Users\rockb\OneDrive\Desktop\FSE_Project\src\web_app\backend\app.py:128]
2025-04-19 22:12:20,705 INFO: Received 1 new data points [in C:\Users\rockb\OneDrive\Desktop\FSE_Project\src\web_app\backend\app.py:128]
2025-04-19 22:12:23,726 INFO: Received 1 new data points [in C:\Users\rockb\OneDrive\Desktop\FSE_Project\src\web_app\backend\app.py:128]
2025-04-19 22:12:26,634 INFO: Metrics request - Type: traffic, Epsilon: 1.0, Start: 2025-04-19 15:40:00, End: 2025-04-19 16:40:00 [in C:\Users\rockb\OneDrive\Desktop\FSE_Project\src\web_app\backend\app.py:69]
2025-04-19 22:12:26,634 WARNING: No data found for time range 2025-04-19 15:40:00 to 2025-04-19 16:40:00 [in C:\Users\rockb\OneDrive\Desktop\FSE_Project\src\web_app\backend\app.py:79]
2025-04-19 22:12:26,776 INFO: Received 1 new data points [in C:\Users\rockb\OneDrive\Desktop\FSE_Project\src\web_app\backend\app.py:128]
2025-04-19 22:12:29,821 INFO: Received 1 new data points [in C:\Users\rockb\OneDrive\Desktop\FSE_Project\src\web_app\backend\app.py:128]
2025-04-19 22:12:32,860 INFO: Received 1 new data points [in C:\Users\rockb\OneDrive\Desktop\FSE_Project\src\web_app\backend\app.py:128]
2025-04-19 22:12:35,882 INFO: Received 1 new data points [in C:\Users\rockb\OneDrive\Desktop\FSE_Project\src\web_app\backend\app.py:128]
2025-04-19 22:12:38,903 INFO: Received 1 new data points [in C:\Users\rockb\OneDrive\Desktop\FSE_Project\src\web_app\backend\app.py:128]
2025-04-19 22:12:41,919 INFO: Received 1 new data points [in C:\Users\rockb\OneDrive\Desktop\FSE_Project\src\web_app\backend\app.py:128]
2025-04-19 22:12:44,947 INFO: Received 1 new data points [in C:\Users\rockb\OneDrive\Desktop\FSE_Project\src\web_app\backend\app.py:128]
2025-04-19 22:12:47,982 INFO: Received 1 new data points [in C:\Users\rockb\OneDrive\Desktop\FSE_Project\src\web_app\backend\app.py:128]
2025-04-19 22:12:51,024 INFO: Received 1 new data points [in C:\Users\rockb\OneDrive\Desktop\FSE_Project\src\web_app\backend\app.py:128]
2025-04-19 22:12:54,046 INFO: Received 1 new data points [in C:\Users\rockb\OneDrive\Desktop\FSE_Project\src\web_app\backend\app.py:128]
2025-04-19 22:12:57,086 INFO: Received 1 new data points [in C:\Users\rockb\OneDrive\Desktop\FSE_Project\src\web_app\backend\app.py:128]
2025-04-19 22:13:00,107 INFO: Received 1 new data points [in C:\Users\rockb\OneDrive\Desktop\FSE_Project\src\web_app\backend\app.py:128]
2025-04-19 22:13:03,141 INFO: Received 1 new data points [in C:\Users\rockb\OneDrive\Desktop\FSE_Project\src\web_app\backend\app.py:128]
2025-04-19 22:13:06,163 INFO: Received 1 new data points [in C:\Users\rockb\OneDrive\Desktop\FSE_Project\src\web_app\backend\app.py:128]
2025-04-19 22:13:09,214 INFO: Received 1 new data points [in C:\Users\rockb\OneDrive\Desktop\FSE_Project\src\web_app\backend\app.py:128]
2025-04-19 22:13:09,321 INFO: Metrics request - Type: traffic, Epsilon: 1.0, Start: 2025-04-19 15:40:00, End: 2025-04-19 16:40:00 [in C:\Users\rockb\OneDrive\Desktop\FSE_Project\src\web_app\backend\app.py:69]
2025-04-19 22:13:09,322 WARNING: No data found for time range 2025-04-19 15:40:00 to 2025-04-19 16:40:00 [in C:\Users\rockb\OneDrive\Desktop\FSE_Project\src\web_app\backend\app.py:79]
2025-04-19 22:13:12,237 INFO: Received 1 new data points [in C:\Users\rockb\OneDrive\Desktop\FSE_Project\src\web_app\backend\app.py:128]
2025-04-19 22:13:15,260 INFO: Received 1 new data points [in C:\Users\rockb\OneDrive\Desktop\FSE_Project\src\web_app\backend\app.py:128]
2025-04-19 22:13:18,302 INFO: Received 1 new data points [in C:\Users\rockb\OneDrive\Desktop\FSE_Project\src\web_app\backend\app.py:128]
2025-04-19 22:13:21,339 INFO: Received 1 new data points [in C:\Users\rockb\OneDrive\Desktop\FSE_Project\src\web_app\backend\app.py:128]
2025-04-19 22:13:24,361 INFO: Received 1 new data points [in C:\Users\rockb\OneDrive\Desktop\FSE_Project\src\web_app\backend\app.py:128]
2025-04-19 22:13:27,400 INFO: Received 1 new data points [in C:\Users\rockb\OneDrive\Desktop\FSE_Project\src\web_app\backend\app.py:128]
2025-04-19 22:13:30,445 INFO: Received 1 new data points [in C:\Users\rockb\OneDrive\Desktop\FSE_Project\src\web_app\backend\app.py:128]
2025-04-19 22:13:33,477 INFO: Received 1 new data points [in C:\Users\rockb\OneDrive\Desktop\FSE_Project\src\web_app\backend\app.py:128]
2025-04-19 22:13:36,501 INFO: Received 1 new data points [in C:\Users\rockb\OneDrive\Desktop\FSE_Project\src\web_app\backend\app.py:128]
2025-04-19 22:13:45,696 INFO: Application startup [in C:\Users\rockb\OneDrive\Desktop\FSE_Project\src\web_app\backend\app.py:31]
2025-04-19 22:13:46,959 INFO: Application startup [in C:\Users\rockb\OneDrive\Desktop\FSE_Project\src\web_app\backend\app.py:31]
2025-04-19 22:13:47,005 INFO: Received 1 new data points [in C:\Users\rockb\OneDrive\Desktop\FSE_Project\src\web_app\backend\app.py:128]
2025-04-19 22:13:50,065 INFO: Received 1 new data points [in C:\Users\rockb\OneDrive\Desktop\FSE_Project\src\web_app\backend\app.py:128]
2025-04-19 22:13:57,869 INFO: Received 1 new data points [in C:\Users\rockb\OneDrive\Desktop\FSE_Project\src\web_app\backend\app.py:128]
2025-04-19 22:14:00,920 INFO: Received 1 new data points [in C:\Users\rockb\OneDrive\Desktop\FSE_Project\src\web_app\backend\app.py:128]
2025-04-19 22:14:01,066 INFO: Metrics request - Type: traffic, Epsilon: 1.0, Start: 2025-04-19 15:40:00, End: 2025-04-19 16:40:00 [in C:\Users\rockb\OneDrive\Desktop\FSE_Project\src\web_app\backend\app.py:69]
2025-04-19 22:14:01,066 WARNING: No data found for time range 2025-04-19 15:40:00 to 2025-04-19 16:40:00 [in C:\Users\rockb\OneDrive\Desktop\FSE_Project\src\web_app\backend\app.py:79]
2025-04-19 22:14:03,958 INFO: Received 1 new data points [in C:\Users\rockb\OneDrive\Desktop\FSE_Project\src\web_app\backend\app.py:128]
2025-04-19 22:14:06,978 INFO: Received 1 new data points [in C:\Users\rockb\OneDrive\Desktop\FSE_Project\src\web_app\backend\app.py:128]
2025-04-19 22:14:07,366 INFO: Metrics request - Type: traffic, Epsilon: 1.0, Start: 2025-04-19 15:44:00, End: 2025-04-19 16:44:00 [in C:\Users\rockb\OneDrive\Desktop\FSE_Project\src\web_app\backend\app.py:69]
2025-04-19 22:14:07,366 WARNING: No data found for time range 2025-04-19 15:44:00 to 2025-04-19 16:44:00 [in C:\Users\rockb\OneDrive\Desktop\FSE_Project\src\web_app\backend\app.py:79]
2025-04-19 22:14:10,007 INFO: Received 1 new data points [in C:\Users\rockb\OneDrive\Desktop\FSE_Project\src\web_app\backend\app.py:128]
2025-04-19 22:14:13,058 INFO: Received 1 new data points [in C:\Users\rockb\OneDrive\Desktop\FSE_Project\src\web_app\backend\app.py:128]
2025-04-19 22:14:16,096 INFO: Received 1 new data points [in C:\Users\rockb\OneDrive\Desktop\FSE_Project\src\web_app\backend\app.py:128]
2025-04-19 22:14:19,130 INFO: Received 1 new data points [in C:\Users\rockb\OneDrive\Desktop\FSE_Project\src\web_app\backend\app.py:128]
2025-04-19 22:14:22,159 INFO: Received 1 new data points [in C:\Users\rockb\OneDrive\Desktop\FSE_Project\src\web_app\backend\app.py:128]
2025-04-19 22:14:25,197 INFO: Received 1 new data points [in C:\Users\rockb\OneDrive\Desktop\FSE_Project\src\web_app\backend\app.py:128]
2025-04-19 22:14:28,230 INFO: Received 1 new data points [in C:\Users\rockb\OneDrive\Desktop\FSE_Project\src\web_app\backend\app.py:128]
2025-04-19 22:14:28,964 INFO: Metrics request - Type: traffic, Epsilon: 1.0, Start: 2025-04-19 21:30:00, End: 2025-04-19 22:20:00 [in C:\Users\rockb\OneDrive\Desktop\FSE_Project\src\web_app\backend\app.py:69]
2025-04-19 22:14:28,993 INFO: Applied DP - Original: 30.21, Protected: 28.87, Epsilon: 1.0 [in C:\Users\rockb\OneDrive\Desktop\FSE_Project\src\web_app\backend\app.py:94]
2025-04-19 22:14:28,996 INFO: Applied DP - Original: 25.84, Protected: 26.16, Epsilon: 1.0 [in C:\Users\rockb\OneDrive\Desktop\FSE_Project\src\web_app\backend\app.py:94]
2025-04-19 22:14:28,996 INFO: Applied DP - Original: 17.31, Protected: 17.18, Epsilon: 1.0 [in C:\Users\rockb\OneDrive\Desktop\FSE_Project\src\web_app\backend\app.py:94]
2025-04-19 22:14:28,996 INFO: Applied DP - Original: 21.65, Protected: 22.88, Epsilon: 1.0 [in C:\Users\rockb\OneDrive\Desktop\FSE_Project\src\web_app\backend\app.py:94]
2025-04-19 22:14:28,998 INFO: Applied DP - Original: 59.81, Protected: 60.43, Epsilon: 1.0 [in C:\Users\rockb\OneDrive\Desktop\FSE_Project\src\web_app\backend\app.py:94]
